This is pdfeTeXk, Version 3.141592-1.21a-2.2 (Web2C 7.5.4) (format=pdflatex 2006.11.8)  16 APR 2007 08:35
entering extended mode
 file:line:error style messages enabled.
**\nonstopmode \input /home/andy/Rdevel/spBayes-patched/spBayes/inst/doc/spBaye
s-vignette.tex
(/home/andy/Rdevel/spBayes-patched/spBayes/inst/doc/spBayes-vignette.tex
(/usr/share/texmf-tetex/tex/latex/base/article.cls
Document Class: article 2004/02/16 v1.4f Standard LaTeX document class
(/usr/share/texmf-tetex/tex/latex/base/size10.clo
File: size10.clo 2004/02/16 v1.4f Standard LaTeX file (size option)
)
\c@part=\count79
\c@section=\count80
\c@subsection=\count81
\c@subsubsection=\count82
\c@paragraph=\count83
\c@subparagraph=\count84
\c@figure=\count85
\c@table=\count86
\abovecaptionskip=\skip41
\belowcaptionskip=\skip42
\bibindent=\dimen102
) (./JABES_manu.sty
Package: JABES_manu 2001/01/02 1.0 Eric Anderson PSNFSS LaTeX package loading s
tyle file for JASA manuscript
)
(/usr/share/texmf-tetex/tex/latex/amsmath/amsmath.sty
Package: amsmath 2000/07/18 v2.13 AMS math features
\@mathmargin=\skip43

For additional information on amsmath, use the `?' option.
(/usr/share/texmf-tetex/tex/latex/amsmath/amstext.sty
Package: amstext 2000/06/29 v2.01

(/usr/share/texmf-tetex/tex/latex/amsmath/amsgen.sty
File: amsgen.sty 1999/11/30 v2.0
\@emptytoks=\toks14
\ex@=\dimen103
))
(/usr/share/texmf-tetex/tex/latex/amsmath/amsbsy.sty
Package: amsbsy 1999/11/29 v1.2d
\pmbraise@=\dimen104
)
(/usr/share/texmf-tetex/tex/latex/amsmath/amsopn.sty
Package: amsopn 1999/12/14 v2.01 operator names
)
\inf@bad=\count87
LaTeX Info: Redefining \frac on input line 211.
\uproot@=\count88
\leftroot@=\count89
LaTeX Info: Redefining \overline on input line 307.
\classnum@=\count90
\DOTSCASE@=\count91
LaTeX Info: Redefining \ldots on input line 379.
LaTeX Info: Redefining \dots on input line 382.
LaTeX Info: Redefining \cdots on input line 467.
\Mathstrutbox@=\box26
\strutbox@=\box27
\big@size=\dimen105
LaTeX Font Info:    Redeclaring font encoding OML on input line 567.
LaTeX Font Info:    Redeclaring font encoding OMS on input line 568.
\macc@depth=\count92
\c@MaxMatrixCols=\count93
\dotsspace@=\muskip10
\c@parentequation=\count94
\dspbrk@lvl=\count95
\tag@help=\toks15
\row@=\count96
\column@=\count97
\maxfields@=\count98
\andhelp@=\toks16
\eqnshift@=\dimen106
\alignsep@=\dimen107
\tagshift@=\dimen108
\tagwidth@=\dimen109
\totwidth@=\dimen110
\lineht@=\dimen111
\@envbody=\toks17
\multlinegap=\skip44
\multlinetaggap=\skip45
\mathdisplay@stack=\toks18
LaTeX Info: Redefining \[ on input line 2666.
LaTeX Info: Redefining \] on input line 2667.
)
(/usr/share/texmf-tetex/tex/latex/subfigure/subfigure.sty
Package: subfigure 2002/07/30 v2.1.4 subfigure package
\subfigtopskip=\skip46
\subfigcapskip=\skip47
\subfigcaptopadj=\dimen112
\subfigbottomskip=\skip48
\subfigcapmargin=\dimen113
\subfiglabelskip=\skip49
\c@subfigure=\count99
\c@lofdepth=\count100
\c@subtable=\count101
\c@lotdepth=\count102

****************************************
* Local config file subfigure.cfg used *
****************************************
(/usr/share/texmf-tetex/tex/latex/subfigure/subfigure.cfg)
\subfig@top=\skip50
\subfig@bottom=\skip51
)
(/usr/share/texmf-tetex/tex/latex/graphics/graphicx.sty
Package: graphicx 1999/02/16 v1.0f Enhanced LaTeX Graphics (DPC,SPQR)

(/usr/share/texmf-tetex/tex/latex/graphics/keyval.sty
Package: keyval 1999/03/16 v1.13 key=value parser (DPC)
\KV@toks@=\toks19
)
(/usr/share/texmf-tetex/tex/latex/graphics/graphics.sty
Package: graphics 2001/07/07 v1.0n Standard LaTeX Graphics (DPC,SPQR)

(/usr/share/texmf-tetex/tex/latex/graphics/trig.sty
Package: trig 1999/03/16 v1.09 sin cos tan (DPC)
)
(/usr/share/texmf-tetex/tex/latex/graphics/graphics.cfg
File: graphics.cfg 2005/02/03 v1.3 graphics configuration of teTeX/TeXLive
)
Package graphics Info: Driver file: pdftex.def on input line 80.

(/usr/share/texmf-tetex/tex/latex/graphics/pdftex.def
File: pdftex.def 2002/06/19 v0.03k graphics/color for pdftex
\Gread@gobject=\count103
))
\Gin@req@height=\dimen114
\Gin@req@width=\dimen115
)
(/usr/share/texmf-tetex/tex/latex/amsfonts/amsfonts.sty
Package: amsfonts 2001/10/25 v2.2f
\symAMSa=\mathgroup4
\symAMSb=\mathgroup5
LaTeX Font Info:    Overwriting math alphabet `\mathfrak' in version `bold'
(Font)                  U/euf/m/n --> U/euf/b/n on input line 132.
)
(/usr/share/texmf-tetex/tex/latex/amsfonts/amssymb.sty
Package: amssymb 2002/01/22 v2.2d
)
(/usr/share/texmf-tetex/tex/latex/calrsfs/calrsfs.sty
\symrsfscript=\mathgroup6
)
(/usr/share/texmf-tetex/tex/latex/url/url.sty
\Urlmuskip=\muskip11
Package: url 2004/03/15  ver 3.1  Verb mode for urls, etc.
)
(/usr/share/texmf-tetex/tex/latex/jknappen/mathrsfs.sty
Package: mathrsfs 1996/01/01 Math RSFS package v1.0 (jk)
\symrsfs=\mathgroup7
)
(/usr/share/texmf-tetex/tex/latex/tools/longtable.sty
Package: longtable 2004/02/01 v4.11 Multi-page Table package (DPC)
\LTleft=\skip52
\LTright=\skip53
\LTpre=\skip54
\LTpost=\skip55
\LTchunksize=\count104
\LTcapwidth=\dimen116
\LT@head=\box28
\LT@firsthead=\box29
\LT@foot=\box30
\LT@lastfoot=\box31
\LT@cols=\count105
\LT@rows=\count106
\c@LT@tables=\count107
\c@LT@chunks=\count108
\LT@p@ftn=\toks20
)
(/usr/share/texmf-tetex/tex/latex/base/textcomp.sty
Package: textcomp 2004/02/22 v1.99f Standard LaTeX package
Package textcomp Info: Sub-encoding information:
(textcomp)               5 = only ISO-Adobe without \textcurrency
(textcomp)               4 = 5 + \texteuro
(textcomp)               3 = 4 + \textohm
(textcomp)               2 = 3 + \textestimated + \textcurrency
(textcomp)               1 = TS1 - \textcircled - \t
(textcomp)               0 = TS1 (full)
(textcomp)             Font families with sub-encoding setting implement
(textcomp)             only a restricted character set as indicated.
(textcomp)             Family '?' is the default used for unknown fonts.
(textcomp)             See the documentation for details.
Package textcomp Info: Setting ? sub-encoding to TS1/1 on input line 71.

(/usr/share/texmf-tetex/tex/latex/base/ts1enc.def
File: ts1enc.def 2001/06/05 v3.0e (jk/car/fm) Standard LaTeX file
)
LaTeX Info: Redefining \oldstylenums on input line 266.
Package textcomp Info: Setting cmr sub-encoding to TS1/0 on input line 281.
Package textcomp Info: Setting cmss sub-encoding to TS1/0 on input line 282.
Package textcomp Info: Setting cmtt sub-encoding to TS1/0 on input line 283.
Package textcomp Info: Setting cmvtt sub-encoding to TS1/0 on input line 284.
Package textcomp Info: Setting cmbr sub-encoding to TS1/0 on input line 285.
Package textcomp Info: Setting cmtl sub-encoding to TS1/0 on input line 286.
Package textcomp Info: Setting ccr sub-encoding to TS1/0 on input line 287.
Package textcomp Info: Setting ptm sub-encoding to TS1/4 on input line 288.
Package textcomp Info: Setting pcr sub-encoding to TS1/4 on input line 289.
Package textcomp Info: Setting phv sub-encoding to TS1/4 on input line 290.
Package textcomp Info: Setting ppl sub-encoding to TS1/3 on input line 291.
Package textcomp Info: Setting pag sub-encoding to TS1/4 on input line 292.
Package textcomp Info: Setting pbk sub-encoding to TS1/4 on input line 293.
Package textcomp Info: Setting pnc sub-encoding to TS1/4 on input line 294.
Package textcomp Info: Setting pzc sub-encoding to TS1/4 on input line 295.
Package textcomp Info: Setting bch sub-encoding to TS1/4 on input line 296.
Package textcomp Info: Setting put sub-encoding to TS1/5 on input line 297.
Package textcomp Info: Setting uag sub-encoding to TS1/5 on input line 298.
Package textcomp Info: Setting ugq sub-encoding to TS1/5 on input line 299.
Package textcomp Info: Setting ul8 sub-encoding to TS1/4 on input line 300.
Package textcomp Info: Setting ul9 sub-encoding to TS1/4 on input line 301.
Package textcomp Info: Setting augie sub-encoding to TS1/5 on input line 302.
Package textcomp Info: Setting dayrom sub-encoding to TS1/3 on input line 303.
Package textcomp Info: Setting dayroms sub-encoding to TS1/3 on input line 304.

Package textcomp Info: Setting pxr sub-encoding to TS1/0 on input line 305.
Package textcomp Info: Setting pxss sub-encoding to TS1/0 on input line 306.
Package textcomp Info: Setting pxtt sub-encoding to TS1/0 on input line 307.
Package textcomp Info: Setting txr sub-encoding to TS1/0 on input line 308.
Package textcomp Info: Setting txss sub-encoding to TS1/0 on input line 309.
Package textcomp Info: Setting txtt sub-encoding to TS1/0 on input line 310.
Package textcomp Info: Setting futs sub-encoding to TS1/4 on input line 311.
Package textcomp Info: Setting futx sub-encoding to TS1/4 on input line 312.
Package textcomp Info: Setting futj sub-encoding to TS1/4 on input line 313.
Package textcomp Info: Setting hlh sub-encoding to TS1/3 on input line 314.
Package textcomp Info: Setting hls sub-encoding to TS1/3 on input line 315.
Package textcomp Info: Setting hlst sub-encoding to TS1/3 on input line 316.
Package textcomp Info: Setting hlct sub-encoding to TS1/5 on input line 317.
Package textcomp Info: Setting hlx sub-encoding to TS1/5 on input line 318.
Package textcomp Info: Setting hlce sub-encoding to TS1/5 on input line 319.
Package textcomp Info: Setting hlcn sub-encoding to TS1/5 on input line 320.
Package textcomp Info: Setting hlcw sub-encoding to TS1/5 on input line 321.
Package textcomp Info: Setting hlcf sub-encoding to TS1/5 on input line 322.
Package textcomp Info: Setting pplx sub-encoding to TS1/3 on input line 323.
Package textcomp Info: Setting pplj sub-encoding to TS1/3 on input line 324.
Package textcomp Info: Setting ptmx sub-encoding to TS1/4 on input line 325.
Package textcomp Info: Setting ptmj sub-encoding to TS1/4 on input line 326.
)
\c@theorem=\count109

(/usr/local/lib/R/share/texmf/Sweave.sty

LaTeX Warning: You have requested package `/usr/local/lib/R/share/texmf/Sweave'
,
               but the package provides `Sweave'.

Package: Sweave 
(/usr/share/texmf-tetex/tex/latex/base/ifthen.sty
Package: ifthen 2001/05/26 v1.1c Standard LaTeX ifthen package (DPC)
)
(/usr/share/texmf-tetex/tex/latex/fancyvrb/fancyvrb.sty
Package: fancyvrb 1998/07/17

Style option: `fancyvrb' v2.6, with DG/SPQR fixes <1998/07/17> (tvz)
\FV@CodeLineNo=\count110
\FV@InFile=\read1
\FV@TabBox=\box32
\c@FancyVerbLine=\count111
\FV@StepNumber=\count112
\FV@OutFile=\write3

No file fancyvrb.cfg.
) (/usr/local/lib/R/share/texmf/upquote.sty
Package: upquote 2003/08/11 v1.1 Covington's upright-quote modification to verb
atim and verb
)
(/usr/share/texmf-tetex/tex/latex/base/fontenc.sty
Package: fontenc 2004/02/22 v1.99f Standard LaTeX package

(/usr/share/texmf-tetex/tex/latex/base/t1enc.def
File: t1enc.def 2004/02/22 v1.99f Standard LaTeX file
LaTeX Font Info:    Redeclaring font encoding T1 on input line 43.
))
(/usr/share/texmf-tetex/tex/latex/ae/ae.sty
Package: ae 2001/02/12 1.3 Almost European Computer Modern

(/usr/share/texmf-tetex/tex/latex/base/fontenc.sty
Package: fontenc 2004/02/22 v1.99f Standard LaTeX package

(/usr/share/texmf-tetex/tex/latex/base/t1enc.def
File: t1enc.def 2004/02/22 v1.99f Standard LaTeX file
LaTeX Font Info:    Redeclaring font encoding T1 on input line 43.
)
LaTeX Font Info:    Try loading font information for T1+aer on input line 100.

(/usr/share/texmf-tetex/tex/latex/ae/t1aer.fd
File: t1aer.fd 1997/11/16 Font definitions for T1/aer.
)))) (./spBayes-vignette.aux)
\openout1 = `spBayes-vignette.aux'.

LaTeX Font Info:    Checking defaults for OML/cmm/m/it on input line 102.
LaTeX Font Info:    ... okay on input line 102.
LaTeX Font Info:    Checking defaults for T1/cmr/m/n on input line 102.
LaTeX Font Info:    ... okay on input line 102.
LaTeX Font Info:    Checking defaults for OT1/cmr/m/n on input line 102.
LaTeX Font Info:    ... okay on input line 102.
LaTeX Font Info:    Checking defaults for OMS/cmsy/m/n on input line 102.
LaTeX Font Info:    ... okay on input line 102.
LaTeX Font Info:    Checking defaults for OMX/cmex/m/n on input line 102.
LaTeX Font Info:    ... okay on input line 102.
LaTeX Font Info:    Checking defaults for U/cmr/m/n on input line 102.
LaTeX Font Info:    ... okay on input line 102.
LaTeX Font Info:    Checking defaults for TS1/cmr/m/n on input line 102.
LaTeX Font Info:    Try loading font information for TS1+cmr on input line 102.


(/usr/share/texmf-tetex/tex/latex/base/ts1cmr.fd
File: ts1cmr.fd 1999/05/25 v2.5h Standard LaTeX font definitions
)
LaTeX Font Info:    ... okay on input line 102.

(/usr/share/texmf-tetex/tex/context/base/supp-pdf.tex
(/usr/share/texmf-tetex/tex/context/base/supp-mis.tex
loading : Context Support Macros / Miscellaneous (2004.10.26)
\protectiondepth=\count113
\scratchcounter=\count114
\scratchtoks=\toks21
\scratchdimen=\dimen117
\scratchskip=\skip56
\scratchmuskip=\muskip12
\scratchbox=\box33
\scratchread=\read2
\scratchwrite=\write4
\zeropoint=\dimen118
\onepoint=\dimen119
\onebasepoint=\dimen120
\minusone=\count115
\thousandpoint=\dimen121
\onerealpoint=\dimen122
\emptytoks=\toks22
\nextbox=\box34
\nextdepth=\dimen123
\everyline=\toks23
\!!counta=\count116
\!!countb=\count117
\recursecounter=\count118
)
loading : Context Support Macros / PDF (2004.03.26)
\nofMPsegments=\count119
\nofMParguments=\count120
\MPscratchCnt=\count121
\MPscratchDim=\dimen124
\MPnumerator=\count122
\everyMPtoPDFconversion=\toks24
)
LaTeX Font Info:    Try loading font information for T1+aess on input line 108.

 (/usr/share/texmf-tetex/tex/latex/ae/t1aess.fd
File: t1aess.fd 1997/11/16 Font definitions for T1/aess.
)
LaTeX Font Info:    Try loading font information for U+msa on input line 115.

(/usr/share/texmf-tetex/tex/latex/amsfonts/umsa.fd
File: umsa.fd 2002/01/19 v2.2g AMS font definitions
)
LaTeX Font Info:    Try loading font information for U+msb on input line 115.

(/usr/share/texmf-tetex/tex/latex/amsfonts/umsb.fd
File: umsb.fd 2002/01/19 v2.2g AMS font definitions
)
LaTeX Font Info:    Try loading font information for OMS+rsfs on input line 115
.
 (./OMSrsfs.fd)
LaTeX Font Info:    Try loading font information for U+rsfs on input line 115.

(/usr/share/texmf-tetex/tex/latex/jknappen/ursfs.fd
File: ursfs.fd 1998/03/24 rsfs font definition file (jk)
) [0

{/var/lib/texmf/fonts/map/pdftex/updmap/pdftex.map}] [1]
LaTeX Font Info:    Try loading font information for T1+aett on input line 239.

 (/usr/share/texmf-tetex/tex/latex/ae/t1aett.fd
File: t1aett.fd 1997/11/16 Font definitions for T1/aett.
) [2] [3] [4]

LaTeX Warning: Citation `bH97a' on page 5 undefined on input line 390.

[5] [6] [7] [8] [9] <synObsa.pdf, id=96, 277.035pt x 277.035pt>
File: synObsa.pdf Graphic file (type pdf)

<use synObsa.pdf> <synObsb.pdf, id=97, 277.035pt x 277.035pt>
File: synObsb.pdf Graphic file (type pdf)

<use synObsb.pdf> <synObsc.pdf, id=98, 277.035pt x 277.035pt>
File: synObsc.pdf Graphic file (type pdf)

<use synObsc.pdf> <synVario.pdf, id=99, 518.93875pt x 277.035pt>
File: synVario.pdf Graphic file (type pdf)

<use synVario.pdf>

LaTeX Warning: `!h' float specifier changed to `!ht'.

[10 <./synObsa.pdf> <./synObsb.pdf> <./synObsc.pdf>] [11 <./synVario.pdf>]
[12

] [13] [14]
Overfull \hbox (8.54974pt too wide) in paragraph at lines 946--955
\T1/aett/m/n/10 cov.model\T1/aer/m/n/10 , to be used (i.e., \T1/aett/m/n/10 exp
onential\T1/aer/m/n/10 , \T1/aett/m/n/10 matern\T1/aer/m/n/10 , \T1/aett/m/n/10
 spherical\T1/aer/m/n/10 , or \T1/aett/m/n/10 gaussian\T1/aer/m/n/10 ). The re-
turn ob-ject, \T1/aett/m/n/10 ggt.Model.6
 []

[15]

LaTeX Warning: `!h' float specifier changed to `!ht'.

[16] <synWSurf.pdf, id=145, 518.93875pt x 277.035pt>
File: synWSurf.pdf Graphic file (type pdf)
 <use synWSurf.pdf>
[17 <./synWSurf.pdf>] <synPredWSurf.pdf, id=154, 518.93875pt x 277.035pt>
File: synPredWSurf.pdf Graphic file (type pdf)

<use synPredWSurf.pdf> <synPredYSurf.pdf, id=155, 518.93875pt x 277.035pt>
File: synPredYSurf.pdf Graphic file (type pdf)

<use synPredYSurf.pdf>

LaTeX Warning: `!h' float specifier changed to `!ht'.

[18] [19 <./synPredWSurf.pdf> <./synPredYSurf.pdf>]
<befObsa.pdf, id=173, 277.035pt x 277.035pt>
File: befObsa.pdf Graphic file (type pdf)
 <use befObsa.pdf>
<befObsb.pdf, id=174, 277.035pt x 277.035pt>
File: befObsb.pdf Graphic file (type pdf)
 <use befObsb.pdf>
<befObsc.pdf, id=175, 277.035pt x 277.035pt>
File: befObsc.pdf Graphic file (type pdf)
 <use befObsc.pdf>

LaTeX Warning: `!h' float specifier changed to `!ht'.

[20

] [21 <./befObsa.pdf> <./befObsb.pdf> <./befObsc.pdf>] [22]

LaTeX Warning: `!h' float specifier changed to `!ht'.

<befPredWSurf.pdf, id=200, 518.93875pt x 277.035pt>
File: befPredWSurf.pdf Graphic file (type pdf)
 <use befPredWSurf.pdf>
<befPredYSurf.pdf, id=201, 518.93875pt x 277.035pt>
File: befPredYSurf.pdf Graphic file (type pdf)
 <use befPredYSurf.pdf>
[23] [24 <./befPredWSurf.pdf> <./befPredYSurf.pdf>] [25] [26

] [27]
(./spBayes-vignette.aux)

LaTeX Warning: There were undefined references.

 ) 
Here is how much of TeX's memory you used:
 3674 strings out of 94500
 46347 string characters out of 1175771
 92436 words of memory out of 1000000
 6705 multiletter control sequences out of 10000+50000
 51252 words of font info for 102 fonts, out of 500000 for 2000
 580 hyphenation exceptions out of 8191
 35i,20n,24p,1149b,300s stack positions out of 1500i,500n,5000p,200000b,5000s
PDF statistics:
 227 PDF objects out of 300000
 0 named destinations out of 131072
 61 words of extra memory for PDF output out of 65536
</usr/share/texmf-tetex/fonts/type1/bluesky/symbols/msam10.pfb></usr/share/te
xmf-tetex/fonts/type1/bluesky/cm/cmsy5.pfb></usr/share/texmf-tetex/fonts/type1/
bluesky/cm/cmex10.pfb></usr/share/texmf-tetex/fonts/type1/bluesky/cm/cmbx7.pfb>
</usr/share/texmf-tetex/fonts/type1/hoekwater/rsfs/rsfs10.pfb></usr/share/texmf
-tetex/fonts/type1/bluesky/cm/cmsy7.pfb></usr/share/texmf-tetex/fonts/type1/blu
esky/cm/cmmib10.pfb></usr/share/texmf-tetex/fonts/type1/bluesky/cm/cmmi7.pfb></
usr/share/texmf-tetex/fonts/type1/bluesky/cm/cmsy10.pfb></usr/share/texmf-tetex
/fonts/type1/bluesky/cm/cmmi10.pfb></usr/share/texmf-tetex/fonts/type1/bluesky/
cm/cmbx10.pfb></usr/share/texmf-tetex/fonts/type1/bluesky/cm/cmtt10.pfb></usr/s
hare/texmf-tetex/fonts/type1/bluesky/cm/cmss10.pfb></usr/share/texmf-tetex/font
s/type1/bluesky/cm/cmr8.pfb></usr/share/texmf-tetex/fonts/type1/bluesky/cm/cmr6
.pfb></usr/share/texmf-tetex/fonts/type1/bluesky/cm/cmti10.pfb></usr/share/texm
f-tetex/fonts/type1/bluesky/cm/cmr10.pfb></usr/share/texmf-tetex/fonts/type1/bl
uesky/cm/cmr7.pfb></usr/share/texmf-tetex/fonts/type1/bluesky/cm/cmcsc10.pfb></
usr/share/texmf-tetex/fonts/type1/bluesky/cm/cmssbx10.pfb></usr/share/texmf-tet
ex/fonts/type1/bluesky/cm/cmbx12.pfb></usr/share/texmf-tetex/fonts/type1/bluesk
y/cm/cmb10.pfb>
Output written on spBayes-vignette.pdf (28 pages, 6024241 bytes).
